2025-08-08T12:19:02.709+05:30  WARN 13932 --- [logdemo] [restartedMain] ConfigServletWebServerApplicationContext : Exception encountered during context initialization - cancelling refresh attempt: org.springframework.context.ApplicationContextException: Failed to start bean 'webServerStartStop'
2025-08-08T12:19:02.817+05:30 ERROR 13932 --- [logdemo] [restartedMain] o.s.b.d.LoggingFailureAnalysisReporter   : 

***************************
APPLICATION FAILED TO START
***************************

Description:

Web server failed to start. Port 8080 was already in use.

Action:

Identify and stop the process that's listening on port 8080 or configure this application to listen on another port.

2025-08-08T12:24:14.626+05:30  WARN 20096 --- [logdemo] [restartedMain] ConfigServletWebServerApplicationContext : Exception encountered during context initialization - cancelling refresh attempt: org.springframework.context.ApplicationContextException: Failed to start bean 'webServerStartStop'
2025-08-08T12:24:14.673+05:30 ERROR 20096 --- [logdemo] [restartedMain] o.s.b.d.LoggingFailureAnalysisReporter   : 

***************************
APPLICATION FAILED TO START
***************************

Description:

Web server failed to start. Port 8080 was already in use.

Action:

Identify and stop the process that's listening on port 8080 or configure this application to listen on another port.

2025-08-08T12:25:49.109+05:30  WARN 14792 --- [logdemo] [restartedMain] ConfigServletWebServerApplicationContext : Exception encountered during context initialization - cancelling refresh attempt: org.springframework.context.ApplicationContextException: Failed to start bean 'webServerStartStop'
2025-08-08T12:25:49.161+05:30 ERROR 14792 --- [logdemo] [restartedMain] o.s.b.d.LoggingFailureAnalysisReporter   : 

***************************
APPLICATION FAILED TO START
***************************

Description:

Web server failed to start. Port 8080 was already in use.

Action:

Identify and stop the process that's listening on port 8080 or configure this application to listen on another port.

2025-08-08T12:33:47.869+05:30  WARN 18780 --- [logdemo] [restartedMain] o.s.b.d.a.OptionalLiveReloadServer       : Unable to start LiveReload server
2025-08-08T12:33:47.898+05:30  WARN 18780 --- [logdemo] [restartedMain] ConfigServletWebServerApplicationContext : Exception encountered during context initialization - cancelling refresh attempt: org.springframework.context.ApplicationContextException: Failed to start bean 'webServerStartStop'
2025-08-08T12:33:47.952+05:30 ERROR 18780 --- [logdemo] [restartedMain] o.s.b.d.LoggingFailureAnalysisReporter   : 

***************************
APPLICATION FAILED TO START
***************************

Description:

Web server failed to start. Port 8081 was already in use.

Action:

Identify and stop the process that's listening on port 8081 or configure this application to listen on another port.

2025-08-08T12:36:04.809+05:30 ERROR 21288 --- [logdemo] [http-nio-8081-exec-1] c.w.logdemo.controller.HomeController    : --Error--
2025-08-08T12:36:04.809+05:30  WARN 21288 --- [logdemo] [http-nio-8081-exec-1] c.w.logdemo.controller.HomeController    : --WARN--
2025-08-08T12:58:21.456+05:30  WARN 3104 --- [logdemo] [restartedMain] o.s.b.d.a.OptionalLiveReloadServer       : Unable to start LiveReload server
2025-08-08T12:58:21.476+05:30  WARN 3104 --- [logdemo] [restartedMain] ConfigServletWebServerApplicationContext : Exception encountered during context initialization - cancelling refresh attempt: org.springframework.context.ApplicationContextException: Failed to start bean 'webServerStartStop'
2025-08-08T12:58:21.519+05:30 ERROR 3104 --- [logdemo] [restartedMain] o.s.b.d.LoggingFailureAnalysisReporter   : 

***************************
APPLICATION FAILED TO START
***************************

Description:

Web server failed to start. Port 8081 was already in use.

Action:

Identify and stop the process that's listening on port 8081 or configure this application to listen on another port.

2025-08-08T12:58:40.642+05:30 ERROR 21288 --- [logdemo] [http-nio-8081-exec-2] c.w.logdemo.controller.HomeController    : --Error--
2025-08-08T12:58:40.663+05:30  WARN 21288 --- [logdemo] [http-nio-8081-exec-2] c.w.logdemo.controller.HomeController    : --WARN--
2025-08-08T12:58:42.608+05:30 ERROR 21288 --- [logdemo] [http-nio-8081-exec-6] c.w.logdemo.controller.HomeController    : --Error--
2025-08-08T12:58:42.608+05:30  WARN 21288 --- [logdemo] [http-nio-8081-exec-6] c.w.logdemo.controller.HomeController    : --WARN--
2025-08-08T12:58:43.604+05:30 ERROR 21288 --- [logdemo] [http-nio-8081-exec-7] c.w.logdemo.controller.HomeController    : --Error--
2025-08-08T12:58:43.605+05:30  WARN 21288 --- [logdemo] [http-nio-8081-exec-7] c.w.logdemo.controller.HomeController    : --WARN--
2025-08-08T12:58:50.745+05:30 ERROR 21288 --- [logdemo] [http-nio-8081-exec-10] c.w.logdemo.controller.HomeController    : --Error--
2025-08-08T12:58:50.745+05:30  WARN 21288 --- [logdemo] [http-nio-8081-exec-10] c.w.logdemo.controller.HomeController    : --WARN--
2025-08-08T13:00:24.040+05:30 ERROR 21288 --- [logdemo] [http-nio-8081-exec-8] c.w.logdemo.controller.HomeController    : --Error--
2025-08-08T13:00:24.041+05:30  WARN 21288 --- [logdemo] [http-nio-8081-exec-8] c.w.logdemo.controller.HomeController    : --WARN--
2025-08-08T13:02:27.927+05:30  WARN 9560 --- [logdemo] [restartedMain] o.s.b.d.a.OptionalLiveReloadServer       : Unable to start LiveReload server
2025-08-08T13:02:27.942+05:30  WARN 9560 --- [logdemo] [restartedMain] ConfigServletWebServerApplicationContext : Exception encountered during context initialization - cancelling refresh attempt: org.springframework.context.ApplicationContextException: Failed to start bean 'webServerStartStop'
2025-08-08T13:02:27.977+05:30 ERROR 9560 --- [logdemo] [restartedMain] o.s.b.d.LoggingFailureAnalysisReporter   : 

***************************
APPLICATION FAILED TO START
***************************

Description:

Web server failed to start. Port 8081 was already in use.

Action:

Identify and stop the process that's listening on port 8081 or configure this application to listen on another port.

2025-08-08T13:05:03.585+05:30  WARN 11956 --- [logdemo] [restartedMain] o.s.b.d.a.OptionalLiveReloadServer       : Unable to start LiveReload server
2025-08-08T13:05:03.609+05:30  WARN 11956 --- [logdemo] [restartedMain] ConfigServletWebServerApplicationContext : Exception encountered during context initialization - cancelling refresh attempt: org.springframework.context.ApplicationContextException: Failed to start bean 'webServerStartStop'
2025-08-08T13:05:03.641+05:30 ERROR 11956 --- [logdemo] [restartedMain] o.s.b.d.LoggingFailureAnalysisReporter   : 

***************************
APPLICATION FAILED TO START
***************************

Description:

Web server failed to start. Port 9090 was already in use.

Action:

Identify and stop the process that's listening on port 9090 or configure this application to listen on another port.

